<?xml version="1.0" ?> 
<?xml-stylesheet type="text/xsl" href="CUnit-Run.xsl" ?> 
<!DOCTYPE CUNIT_TEST_RUN_REPORT SYSTEM "CUnit-Run.dtd"> 
<CUNIT_TEST_RUN_REPORT> 
  <CUNIT_HEADER/> 
  <CUNIT_RESULT_LISTING> 
    <CUNIT_RUN_SUITE> 
      <CUNIT_RUN_SUITE_SUCCESS> 
        <SUITE_NAME> Filter suite </SUITE_NAME> 
        <CUNIT_RUN_TEST_RECORD> 
          <CUNIT_RUN_TEST_SUCCESS> 
            <TEST_NAME> test of is_even </TEST_NAME> 
          </CUNIT_RUN_TEST_SUCCESS> 
        </CUNIT_RUN_TEST_RECORD> 
      </CUNIT_RUN_SUITE_SUCCESS> 
    </CUNIT_RUN_SUITE> 
    <CUNIT_RUN_SUITE> 
      <CUNIT_RUN_SUITE_SUCCESS> 
        <SUITE_NAME> Map suite </SUITE_NAME> 
        <CUNIT_RUN_TEST_RECORD> 
          <CUNIT_RUN_TEST_SUCCESS> 
            <TEST_NAME> test of square </TEST_NAME> 
          </CUNIT_RUN_TEST_SUCCESS> 
        </CUNIT_RUN_TEST_RECORD> 
      </CUNIT_RUN_SUITE_SUCCESS> 
    </CUNIT_RUN_SUITE> 
    <CUNIT_RUN_SUITE> 
      <CUNIT_RUN_SUITE_SUCCESS> 
        <SUITE_NAME> Vector suite </SUITE_NAME> 
        <CUNIT_RUN_TEST_RECORD> 
          <CUNIT_RUN_TEST_SUCCESS> 
            <TEST_NAME> test of vector_init </TEST_NAME> 
          </CUNIT_RUN_TEST_SUCCESS> 
        </CUNIT_RUN_TEST_RECORD> 
        <CUNIT_RUN_TEST_RECORD> 
          <CUNIT_RUN_TEST_SUCCESS> 
            <TEST_NAME> test of vector_is_equal </TEST_NAME> 
          </CUNIT_RUN_TEST_SUCCESS> 
        </CUNIT_RUN_TEST_RECORD> 
        <CUNIT_RUN_TEST_RECORD> 
          <CUNIT_RUN_TEST_SUCCESS> 
            <TEST_NAME> test of vector_free </TEST_NAME> 
          </CUNIT_RUN_TEST_SUCCESS> 
        </CUNIT_RUN_TEST_RECORD> 
        <CUNIT_RUN_TEST_RECORD> 
          <CUNIT_RUN_TEST_SUCCESS> 
            <TEST_NAME> test of vector_length </TEST_NAME> 
          </CUNIT_RUN_TEST_SUCCESS> 
        </CUNIT_RUN_TEST_RECORD> 
        <CUNIT_RUN_TEST_RECORD> 
          <CUNIT_RUN_TEST_SUCCESS> 
            <TEST_NAME> test of vector_push </TEST_NAME> 
          </CUNIT_RUN_TEST_SUCCESS> 
        </CUNIT_RUN_TEST_RECORD> 
        <CUNIT_RUN_TEST_RECORD> 
          <CUNIT_RUN_TEST_SUCCESS> 
            <TEST_NAME> test of vector_pop </TEST_NAME> 
          </CUNIT_RUN_TEST_SUCCESS> 
        </CUNIT_RUN_TEST_RECORD> 
        <CUNIT_RUN_TEST_RECORD> 
          <CUNIT_RUN_TEST_SUCCESS> 
            <TEST_NAME> test of vector_set </TEST_NAME> 
          </CUNIT_RUN_TEST_SUCCESS> 
        </CUNIT_RUN_TEST_RECORD> 
        <CUNIT_RUN_TEST_RECORD> 
          <CUNIT_RUN_TEST_SUCCESS> 
            <TEST_NAME> test of vector_get </TEST_NAME> 
          </CUNIT_RUN_TEST_SUCCESS> 
        </CUNIT_RUN_TEST_RECORD> 
        <CUNIT_RUN_TEST_RECORD> 
          <CUNIT_RUN_TEST_SUCCESS> 
            <TEST_NAME> test of vector_remove </TEST_NAME> 
          </CUNIT_RUN_TEST_SUCCESS> 
        </CUNIT_RUN_TEST_RECORD> 
        <CUNIT_RUN_TEST_RECORD> 
          <CUNIT_RUN_TEST_SUCCESS> 
            <TEST_NAME> test of vector_insert </TEST_NAME> 
          </CUNIT_RUN_TEST_SUCCESS> 
        </CUNIT_RUN_TEST_RECORD> 
        <CUNIT_RUN_TEST_RECORD> 
          <CUNIT_RUN_TEST_SUCCESS> 
            <TEST_NAME> test of vector_empty </TEST_NAME> 
          </CUNIT_RUN_TEST_SUCCESS> 
        </CUNIT_RUN_TEST_RECORD> 
        <CUNIT_RUN_TEST_RECORD> 
          <CUNIT_RUN_TEST_SUCCESS> 
            <TEST_NAME> test of vector_map </TEST_NAME> 
          </CUNIT_RUN_TEST_SUCCESS> 
        </CUNIT_RUN_TEST_RECORD> 
        <CUNIT_RUN_TEST_RECORD> 
          <CUNIT_RUN_TEST_SUCCESS> 
            <TEST_NAME> test of vector_filter </TEST_NAME> 
          </CUNIT_RUN_TEST_SUCCESS> 
        </CUNIT_RUN_TEST_RECORD> 
      </CUNIT_RUN_SUITE_SUCCESS> 
    </CUNIT_RUN_SUITE> 
    <CUNIT_RUN_SUITE> 
      <CUNIT_RUN_SUITE_SUCCESS> 
        <SUITE_NAME> Lidar suite </SUITE_NAME> 
        <CUNIT_RUN_TEST_RECORD> 
          <CUNIT_RUN_TEST_SUCCESS> 
            <TEST_NAME> test of header_from_file </TEST_NAME> 
          </CUNIT_RUN_TEST_SUCCESS> 
        </CUNIT_RUN_TEST_RECORD> 
        <CUNIT_RUN_TEST_RECORD> 
          <CUNIT_RUN_TEST_SUCCESS> 
            <TEST_NAME> test of print_header </TEST_NAME> 
          </CUNIT_RUN_TEST_SUCCESS> 
        </CUNIT_RUN_TEST_RECORD> 
        <CUNIT_RUN_TEST_RECORD> 
          <CUNIT_RUN_TEST_SUCCESS> 
            <TEST_NAME> test of points_from_file </TEST_NAME> 
          </CUNIT_RUN_TEST_SUCCESS> 
        </CUNIT_RUN_TEST_RECORD> 
        <CUNIT_RUN_TEST_RECORD> 
          <CUNIT_RUN_TEST_SUCCESS> 
            <TEST_NAME> test of print_point_record </TEST_NAME> 
          </CUNIT_RUN_TEST_SUCCESS> 
        </CUNIT_RUN_TEST_RECORD> 
      </CUNIT_RUN_SUITE_SUCCESS> 
    </CUNIT_RUN_SUITE> 
    <CUNIT_RUN_SUITE> 
      <CUNIT_RUN_SUITE_SUCCESS> 
        <SUITE_NAME> point_3d suite </SUITE_NAME> 
        <CUNIT_RUN_TEST_RECORD> 
          <CUNIT_RUN_TEST_SUCCESS> 
            <TEST_NAME> test of point_3d_create </TEST_NAME> 
          </CUNIT_RUN_TEST_SUCCESS> 
        </CUNIT_RUN_TEST_RECORD> 
        <CUNIT_RUN_TEST_RECORD> 
          <CUNIT_RUN_TEST_SUCCESS> 
            <TEST_NAME> test of point_3d_add_inplace </TEST_NAME> 
          </CUNIT_RUN_TEST_SUCCESS> 
        </CUNIT_RUN_TEST_RECORD> 
        <CUNIT_RUN_TEST_RECORD> 
          <CUNIT_RUN_TEST_SUCCESS> 
            <TEST_NAME> test of point_3d_sub_inplace </TEST_NAME> 
          </CUNIT_RUN_TEST_SUCCESS> 
        </CUNIT_RUN_TEST_RECORD> 
        <CUNIT_RUN_TEST_RECORD> 
          <CUNIT_RUN_TEST_SUCCESS> 
            <TEST_NAME> test of point_3d_scale_inplace </TEST_NAME> 
          </CUNIT_RUN_TEST_SUCCESS> 
        </CUNIT_RUN_TEST_RECORD> 
        <CUNIT_RUN_TEST_RECORD> 
          <CUNIT_RUN_TEST_SUCCESS> 
            <TEST_NAME> test of point_3d_normalize_in_place </TEST_NAME> 
          </CUNIT_RUN_TEST_SUCCESS> 
        </CUNIT_RUN_TEST_RECORD> 
        <CUNIT_RUN_TEST_RECORD> 
          <CUNIT_RUN_TEST_SUCCESS> 
            <TEST_NAME> test of point_3d_add </TEST_NAME> 
          </CUNIT_RUN_TEST_SUCCESS> 
        </CUNIT_RUN_TEST_RECORD> 
        <CUNIT_RUN_TEST_RECORD> 
          <CUNIT_RUN_TEST_SUCCESS> 
            <TEST_NAME> test of point_3d_sub </TEST_NAME> 
          </CUNIT_RUN_TEST_SUCCESS> 
        </CUNIT_RUN_TEST_RECORD> 
        <CUNIT_RUN_TEST_RECORD> 
          <CUNIT_RUN_TEST_SUCCESS> 
            <TEST_NAME> test of point_3d_scale </TEST_NAME> 
          </CUNIT_RUN_TEST_SUCCESS> 
        </CUNIT_RUN_TEST_RECORD> 
        <CUNIT_RUN_TEST_RECORD> 
          <CUNIT_RUN_TEST_SUCCESS> 
            <TEST_NAME> test of point_3d_normalize </TEST_NAME> 
          </CUNIT_RUN_TEST_SUCCESS> 
        </CUNIT_RUN_TEST_RECORD> 
        <CUNIT_RUN_TEST_RECORD> 
          <CUNIT_RUN_TEST_SUCCESS> 
            <TEST_NAME> test of compute_norm </TEST_NAME> 
          </CUNIT_RUN_TEST_SUCCESS> 
        </CUNIT_RUN_TEST_RECORD> 
        <CUNIT_RUN_TEST_RECORD> 
          <CUNIT_RUN_TEST_SUCCESS> 
            <TEST_NAME> test of compute_distance </TEST_NAME> 
          </CUNIT_RUN_TEST_SUCCESS> 
        </CUNIT_RUN_TEST_RECORD> 
        <CUNIT_RUN_TEST_RECORD> 
          <CUNIT_RUN_TEST_SUCCESS> 
            <TEST_NAME> test of point_3d_vector_product </TEST_NAME> 
          </CUNIT_RUN_TEST_SUCCESS> 
        </CUNIT_RUN_TEST_RECORD> 
        <CUNIT_RUN_TEST_RECORD> 
          <CUNIT_RUN_TEST_SUCCESS> 
            <TEST_NAME> test of print_point </TEST_NAME> 
          </CUNIT_RUN_TEST_SUCCESS> 
        </CUNIT_RUN_TEST_RECORD> 
      </CUNIT_RUN_SUITE_SUCCESS> 
    </CUNIT_RUN_SUITE> 
    <CUNIT_RUN_SUITE> 
      <CUNIT_RUN_SUITE_SUCCESS> 
        <SUITE_NAME> Triangle suite </SUITE_NAME> 
        <CUNIT_RUN_TEST_RECORD> 
          <CUNIT_RUN_TEST_SUCCESS> 
            <TEST_NAME> test of triangle_create </TEST_NAME> 
          </CUNIT_RUN_TEST_SUCCESS> 
        </CUNIT_RUN_TEST_RECORD> 
        <CUNIT_RUN_TEST_RECORD> 
          <CUNIT_RUN_TEST_SUCCESS> 
            <TEST_NAME> test of triangle_compute_norm </TEST_NAME> 
          </CUNIT_RUN_TEST_SUCCESS> 
        </CUNIT_RUN_TEST_RECORD> 
        <CUNIT_RUN_TEST_RECORD> 
          <CUNIT_RUN_TEST_SUCCESS> 
            <TEST_NAME> test of triangle_compute_area </TEST_NAME> 
          </CUNIT_RUN_TEST_SUCCESS> 
        </CUNIT_RUN_TEST_RECORD> 
      </CUNIT_RUN_SUITE_SUCCESS> 
    </CUNIT_RUN_SUITE> 
    <CUNIT_RUN_SUITE> 
      <CUNIT_RUN_SUITE_SUCCESS> 
        <SUITE_NAME> STL suite </SUITE_NAME> 
        <CUNIT_RUN_TEST_RECORD> 
          <CUNIT_RUN_TEST_SUCCESS> 
            <TEST_NAME> test of test_stl_file_create </TEST_NAME> 
          </CUNIT_RUN_TEST_SUCCESS> 
        </CUNIT_RUN_TEST_RECORD> 
        <CUNIT_RUN_TEST_RECORD> 
          <CUNIT_RUN_TEST_SUCCESS> 
            <TEST_NAME> test of test_stl_file_close </TEST_NAME> 
          </CUNIT_RUN_TEST_SUCCESS> 
        </CUNIT_RUN_TEST_RECORD> 
        <CUNIT_RUN_TEST_RECORD> 
          <CUNIT_RUN_TEST_SUCCESS> 
            <TEST_NAME> test of test_stl_file_write_triangle </TEST_NAME> 
          </CUNIT_RUN_TEST_SUCCESS> 
        </CUNIT_RUN_TEST_RECORD> 
        <CUNIT_RUN_TEST_RECORD> 
          <CUNIT_RUN_TEST_SUCCESS> 
            <TEST_NAME> test of test_stl_file_create_and_write </TEST_NAME> 
          </CUNIT_RUN_TEST_SUCCESS> 
        </CUNIT_RUN_TEST_RECORD> 
      </CUNIT_RUN_SUITE_SUCCESS> 
    </CUNIT_RUN_SUITE> 
    <CUNIT_RUN_SUITE> 
      <CUNIT_RUN_SUITE_SUCCESS> 
        <SUITE_NAME> Triangulation Array suite </SUITE_NAME> 
        <CUNIT_RUN_TEST_RECORD> 
          <CUNIT_RUN_TEST_SUCCESS> 
            <TEST_NAME> test of test_super_triangle_create </TEST_NAME> 
          </CUNIT_RUN_TEST_SUCCESS> 
        </CUNIT_RUN_TEST_RECORD> 
        <CUNIT_RUN_TEST_RECORD> 
          <CUNIT_RUN_TEST_SUCCESS> 
            <TEST_NAME> test of test_point_max </TEST_NAME> 
          </CUNIT_RUN_TEST_SUCCESS> 
        </CUNIT_RUN_TEST_RECORD> 
        <CUNIT_RUN_TEST_RECORD> 
          <CUNIT_RUN_TEST_SUCCESS> 
            <TEST_NAME> test of test_point_min </TEST_NAME> 
          </CUNIT_RUN_TEST_SUCCESS> 
        </CUNIT_RUN_TEST_RECORD> 
        <CUNIT_RUN_TEST_RECORD> 
          <CUNIT_RUN_TEST_SUCCESS> 
            <TEST_NAME> test of test_bowyer_watson </TEST_NAME> 
          </CUNIT_RUN_TEST_SUCCESS> 
        </CUNIT_RUN_TEST_RECORD> 
        <CUNIT_RUN_TEST_RECORD> 
          <CUNIT_RUN_TEST_SUCCESS> 
            <TEST_NAME> test of test_is_inside_circum_circle_points </TEST_NAME> 
          </CUNIT_RUN_TEST_SUCCESS> 
        </CUNIT_RUN_TEST_RECORD> 
        <CUNIT_RUN_TEST_RECORD> 
          <CUNIT_RUN_TEST_SUCCESS> 
            <TEST_NAME> test of test_form_triangle_from_edge_and_point </TEST_NAME> 
          </CUNIT_RUN_TEST_SUCCESS> 
        </CUNIT_RUN_TEST_RECORD> 
      </CUNIT_RUN_SUITE_SUCCESS> 
    </CUNIT_RUN_SUITE> 
    <CUNIT_RUN_SUITE> 
      <CUNIT_RUN_SUITE_SUCCESS> 
        <SUITE_NAME> Vector_List suite </SUITE_NAME> 
        <CUNIT_RUN_TEST_RECORD> 
          <CUNIT_RUN_TEST_SUCCESS> 
            <TEST_NAME> test of test_lst_vector_init </TEST_NAME> 
          </CUNIT_RUN_TEST_SUCCESS> 
        </CUNIT_RUN_TEST_RECORD> 
        <CUNIT_RUN_TEST_RECORD> 
          <CUNIT_RUN_TEST_SUCCESS> 
            <TEST_NAME> test of test_lst_vector_is_equal </TEST_NAME> 
          </CUNIT_RUN_TEST_SUCCESS> 
        </CUNIT_RUN_TEST_RECORD> 
        <CUNIT_RUN_TEST_RECORD> 
          <CUNIT_RUN_TEST_SUCCESS> 
            <TEST_NAME> test of test_lst_vector_length </TEST_NAME> 
          </CUNIT_RUN_TEST_SUCCESS> 
        </CUNIT_RUN_TEST_RECORD> 
        <CUNIT_RUN_TEST_RECORD> 
          <CUNIT_RUN_TEST_SUCCESS> 
            <TEST_NAME> test of test_lst_vector_push </TEST_NAME> 
          </CUNIT_RUN_TEST_SUCCESS> 
        </CUNIT_RUN_TEST_RECORD> 
        <CUNIT_RUN_TEST_RECORD> 
          <CUNIT_RUN_TEST_SUCCESS> 
            <TEST_NAME> test of test_lst_vector_pop </TEST_NAME> 
          </CUNIT_RUN_TEST_SUCCESS> 
        </CUNIT_RUN_TEST_RECORD> 
        <CUNIT_RUN_TEST_RECORD> 
          <CUNIT_RUN_TEST_SUCCESS> 
            <TEST_NAME> test of test_lst_vector_set </TEST_NAME> 
          </CUNIT_RUN_TEST_SUCCESS> 
        </CUNIT_RUN_TEST_RECORD> 
        <CUNIT_RUN_TEST_RECORD> 
          <CUNIT_RUN_TEST_SUCCESS> 
            <TEST_NAME> test of test_lst_vector_get </TEST_NAME> 
          </CUNIT_RUN_TEST_SUCCESS> 
        </CUNIT_RUN_TEST_RECORD> 
        <CUNIT_RUN_TEST_RECORD> 
          <CUNIT_RUN_TEST_SUCCESS> 
            <TEST_NAME> test of test_lst_vector_remove </TEST_NAME> 
          </CUNIT_RUN_TEST_SUCCESS> 
        </CUNIT_RUN_TEST_RECORD> 
        <CUNIT_RUN_TEST_RECORD> 
          <CUNIT_RUN_TEST_SUCCESS> 
            <TEST_NAME> test of test_lst_vector_insert </TEST_NAME> 
          </CUNIT_RUN_TEST_SUCCESS> 
        </CUNIT_RUN_TEST_RECORD> 
        <CUNIT_RUN_TEST_RECORD> 
          <CUNIT_RUN_TEST_SUCCESS> 
            <TEST_NAME> test of test_lst_vector_empty </TEST_NAME> 
          </CUNIT_RUN_TEST_SUCCESS> 
        </CUNIT_RUN_TEST_RECORD> 
        <CUNIT_RUN_TEST_RECORD> 
          <CUNIT_RUN_TEST_SUCCESS> 
            <TEST_NAME> test of test_lst_vector_free </TEST_NAME> 
          </CUNIT_RUN_TEST_SUCCESS> 
        </CUNIT_RUN_TEST_RECORD> 
        <CUNIT_RUN_TEST_RECORD> 
          <CUNIT_RUN_TEST_SUCCESS> 
            <TEST_NAME> test of test_lst_vector_map </TEST_NAME> 
          </CUNIT_RUN_TEST_SUCCESS> 
        </CUNIT_RUN_TEST_RECORD> 
        <CUNIT_RUN_TEST_RECORD> 
          <CUNIT_RUN_TEST_SUCCESS> 
            <TEST_NAME> test of test_lst_vector_filter </TEST_NAME> 
          </CUNIT_RUN_TEST_SUCCESS> 
        </CUNIT_RUN_TEST_RECORD> 
      </CUNIT_RUN_SUITE_SUCCESS> 
    </CUNIT_RUN_SUITE> 
    <CUNIT_RUN_SUITE> 
      <CUNIT_RUN_SUITE_SUCCESS> 
        <SUITE_NAME> Triangulation List suite </SUITE_NAME> 
        <CUNIT_RUN_TEST_RECORD> 
          <CUNIT_RUN_TEST_SUCCESS> 
            <TEST_NAME> test of test_lst_super_triangle_create </TEST_NAME> 
          </CUNIT_RUN_TEST_SUCCESS> 
        </CUNIT_RUN_TEST_RECORD> 
        <CUNIT_RUN_TEST_RECORD> 
          <CUNIT_RUN_TEST_SUCCESS> 
            <TEST_NAME> test of test_lst_point_max </TEST_NAME> 
          </CUNIT_RUN_TEST_SUCCESS> 
        </CUNIT_RUN_TEST_RECORD> 
        <CUNIT_RUN_TEST_RECORD> 
          <CUNIT_RUN_TEST_SUCCESS> 
            <TEST_NAME> test of test_lst_point_min </TEST_NAME> 
          </CUNIT_RUN_TEST_SUCCESS> 
        </CUNIT_RUN_TEST_RECORD> 
        <CUNIT_RUN_TEST_RECORD> 
          <CUNIT_RUN_TEST_SUCCESS> 
            <TEST_NAME> test of test_lst_bowyer_watson </TEST_NAME> 
          </CUNIT_RUN_TEST_SUCCESS> 
        </CUNIT_RUN_TEST_RECORD> 
        <CUNIT_RUN_TEST_RECORD> 
          <CUNIT_RUN_TEST_SUCCESS> 
            <TEST_NAME> test of test_lst_is_inside_circum_circle_points </TEST_NAME> 
          </CUNIT_RUN_TEST_SUCCESS> 
        </CUNIT_RUN_TEST_RECORD> 
        <CUNIT_RUN_TEST_RECORD> 
          <CUNIT_RUN_TEST_SUCCESS> 
            <TEST_NAME> test of test_lst_form_triangle_from_edge_and_point </TEST_NAME> 
          </CUNIT_RUN_TEST_SUCCESS> 
        </CUNIT_RUN_TEST_RECORD> 
      </CUNIT_RUN_SUITE_SUCCESS> 
    </CUNIT_RUN_SUITE> 
  </CUNIT_RESULT_LISTING>
  <CUNIT_RUN_SUMMARY> 
    <CUNIT_RUN_SUMMARY_RECORD> 
      <TYPE> Suites </TYPE> 
      <TOTAL> 10 </TOTAL> 
      <RUN> 10 </RUN> 
      <SUCCEEDED> - NA - </SUCCEEDED> 
      <FAILED> 0 </FAILED> 
      <INACTIVE> 0 </INACTIVE> 
    </CUNIT_RUN_SUMMARY_RECORD> 
    <CUNIT_RUN_SUMMARY_RECORD> 
      <TYPE> Test Cases </TYPE> 
      <TOTAL> 64 </TOTAL> 
      <RUN> 64 </RUN> 
      <SUCCEEDED> 64 </SUCCEEDED> 
      <FAILED> 0 </FAILED> 
      <INACTIVE> 0 </INACTIVE> 
    </CUNIT_RUN_SUMMARY_RECORD> 
    <CUNIT_RUN_SUMMARY_RECORD> 
      <TYPE> Assertions </TYPE> 
      <TOTAL> 442 </TOTAL> 
      <RUN> 442 </RUN> 
      <SUCCEEDED> 442 </SUCCEEDED> 
      <FAILED> 0 </FAILED> 
      <INACTIVE> n/a </INACTIVE> 
    </CUNIT_RUN_SUMMARY_RECORD> 
  </CUNIT_RUN_SUMMARY> 
  <CUNIT_FOOTER> File Generated By CUnit v2.1-3 - Sun Mar 15 14:08:54 2020
 </CUNIT_FOOTER> 
</CUNIT_TEST_RUN_REPORT>